2020-05-04 18:42:32.295 [main] TRACE com.spotpush.hashmap.HashMapExample - class com.spotpush.hashmap.HashMapExample
2020-05-04 18:42:39.299 [main] TRACE com.spotpush.hashmap.HashMapExample - Enter  traverseHashMapKeysJustKeys() {3=Elizabeth, 6=Ana, 41=Kate, 42=Stephen}
2020-05-04 18:42:39.301 [main] TRACE com.spotpush.hashmap.HashMapExample - Exit with({3=Elizabeth, 6=Ana, 41=Kate, 42=Stephen})
2020-05-04 18:46:19.878 [main] INFO  com.spotpush.hashmap.HashMapExample - 2
2020-05-04 18:46:23.675 [main] TRACE com.spotpush.hashmap.HashMapExample - Enter  traverseHashMapKeysJustKeys() {3=Elizabeth, 6=Ana, 41=Kate, 42=Stephen}
2020-05-04 18:46:23.676 [main] TRACE com.spotpush.hashmap.HashMapExample - Exit with({3=Elizabeth, 6=Ana, 41=Kate, 42=Stephen})
2020-05-04 18:48:56.126 [main] INFO  com.spotpush.hashmap.HashMapExample - Main Menu 2
2020-05-04 18:48:57.223 [main] INFO  com.spotpush.hashmap.HashMapExample - Traverse HashMap 1
2020-05-04 18:48:58.223 [main] INFO  com.spotpush.hashmap.HashMapExample - Keys or Values Option 1
2020-05-04 18:48:58.226 [main] TRACE com.spotpush.hashmap.HashMapExample - Enter  traverseHashMapKeysJustKeys() {3=Elizabeth, 6=Ana, 41=Kate, 42=Stephen}
2020-05-04 18:48:58.226 [main] TRACE com.spotpush.hashmap.HashMapExample - Exit with({3=Elizabeth, 6=Ana, 41=Kate, 42=Stephen})
2020-05-04 18:49:43.900 [main] INFO  com.spotpush.hashmap.HashMapExample - Create HashMap {3=Elizabeth, 6=Ana, 41=Kate, 42=Stephen}
2020-05-04 18:49:48.495 [main] INFO  com.spotpush.hashmap.HashMapExample - Main Menu 2
2020-05-04 18:49:49.595 [main] INFO  com.spotpush.hashmap.HashMapExample - Traverse HashMap 1
2020-05-04 18:49:50.795 [main] INFO  com.spotpush.hashmap.HashMapExample - Keys or Values Option 1
2020-05-04 18:49:50.798 [main] TRACE com.spotpush.hashmap.HashMapExample - Enter  traverseHashMapKeysJustKeys() {3=Elizabeth, 6=Ana, 41=Kate, 42=Stephen}
2020-05-04 18:49:50.798 [main] TRACE com.spotpush.hashmap.HashMapExample - Exit with({3=Elizabeth, 6=Ana, 41=Kate, 42=Stephen})
2020-05-04 18:55:25.033 [main] INFO  com.spotpush.hashmap.HashMapExample - Create HashMap {3=Elizabeth, 6=Ana, 41=Kate, 42=Stephen}
2020-05-04 18:55:27.817 [main] INFO  com.spotpush.hashmap.HashMapExample - Main Menu 2
2020-05-04 18:55:29.017 [main] INFO  com.spotpush.hashmap.HashMapExample - Traverse HashMap 1
2020-05-04 18:55:32.217 [main] INFO  com.spotpush.hashmap.HashMapExample - Keys or Values Option 1
2020-05-04 18:55:32.220 [main] TRACE com.spotpush.hashmap.HashMapExample - Enter  traverseHashMapKeysJustKeys() {3=Elizabeth, 6=Ana, 41=Kate, 42=Stephen}
2020-05-04 18:55:32.221 [main] DEBUG com.spotpush.hashmap.HashMapExample - 3
2020-05-04 18:55:32.221 [main] DEBUG com.spotpush.hashmap.HashMapExample - 6
2020-05-04 18:55:32.222 [main] DEBUG com.spotpush.hashmap.HashMapExample - 41
2020-05-04 18:55:32.222 [main] DEBUG com.spotpush.hashmap.HashMapExample - 42
2020-05-04 18:55:32.222 [main] TRACE com.spotpush.hashmap.HashMapExample - Exit with({3=Elizabeth, 6=Ana, 41=Kate, 42=Stephen})
2020-05-04 18:56:29.059 [main] INFO  com.spotpush.hashmap.HashMapExample - Create HashMap {3=Elizabeth, 6=Ana, 41=Kate, 42=Stephen}
2020-05-04 18:56:30.755 [main] INFO  com.spotpush.hashmap.HashMapExample - Main Menu 2
2020-05-04 18:56:32.154 [main] INFO  com.spotpush.hashmap.HashMapExample - Traverse HashMap 1
2020-05-04 18:56:34.054 [main] INFO  com.spotpush.hashmap.HashMapExample - Keys or Values Option 2
2020-05-04 18:56:34.057 [main] TRACE com.spotpush.hashmap.HashMapExample - Enter  traverseHashMapKeysJustValues() {3=Elizabeth, 6=Ana, 41=Kate, 42=Stephen}
2020-05-04 18:56:34.057 [main] DEBUG com.spotpush.hashmap.HashMapExample - Elizabeth
2020-05-04 18:56:34.057 [main] DEBUG com.spotpush.hashmap.HashMapExample - Ana
2020-05-04 18:56:34.058 [main] DEBUG com.spotpush.hashmap.HashMapExample - Kate
2020-05-04 18:56:34.058 [main] DEBUG com.spotpush.hashmap.HashMapExample - Stephen
2020-05-04 18:56:34.058 [main] TRACE com.spotpush.hashmap.HashMapExample - Enter  traverseHashMapKeysJustValues() {3=Elizabeth, 6=Ana, 41=Kate, 42=Stephen}
2020-05-04 19:05:22.127 [main] INFO  com.spotpush.hashmap.HashMapExample - Create HashMap {3=Elizabeth, 6=Ana, 41=Kate, 42=Stephen}
2020-05-04 19:05:25.320 [main] INFO  com.spotpush.hashmap.HashMapExample - Main Menu 2
2020-05-04 19:05:26.420 [main] INFO  com.spotpush.hashmap.HashMapExample - Traverse HashMap 1
2020-05-04 19:05:27.220 [main] INFO  com.spotpush.hashmap.HashMapExample - Keys or Values Option 1
2020-05-04 19:05:27.225 [main] TRACE com.spotpush.hashmap.HashMapExample - Enter  traverseHashMapKeysJustKeys() {3=Elizabeth, 6=Ana, 41=Kate, 42=Stephen}
2020-05-04 19:05:27.226 [main] DEBUG com.spotpush.hashmap.HashMapExample - 3
2020-05-04 19:05:27.227 [main] DEBUG com.spotpush.hashmap.HashMapExample - 6
2020-05-04 19:05:27.227 [main] DEBUG com.spotpush.hashmap.HashMapExample - 41
2020-05-04 19:05:27.227 [main] DEBUG com.spotpush.hashmap.HashMapExample - 42
2020-05-04 19:05:27.227 [main] TRACE com.spotpush.hashmap.HashMapExample - Exit with({3=Elizabeth, 6=Ana, 41=Kate, 42=Stephen})
2020-05-04 19:06:33.322 [main] INFO  com.spotpush.hashmap.HashMapExample - Create HashMap {3=Elizabeth, 6=Ana, 41=Kate, 42=Stephen}
2020-05-04 19:06:35.541 [main] INFO  com.spotpush.hashmap.HashMapExample - Main Menu 2
2020-05-04 19:06:36.540 [main] INFO  com.spotpush.hashmap.HashMapExample - Traverse HashMap 1
2020-05-04 19:06:37.840 [main] INFO  com.spotpush.hashmap.HashMapExample - Keys or Values Option 1
2020-05-04 19:06:37.843 [main] TRACE com.spotpush.hashmap.HashMapExample - Enter  JustKeys() {3=Elizabeth, 6=Ana, 41=Kate, 42=Stephen}
2020-05-04 19:06:37.844 [main] DEBUG com.spotpush.hashmap.HashMapExample - 3
2020-05-04 19:06:37.844 [main] DEBUG com.spotpush.hashmap.HashMapExample - 6
2020-05-04 19:06:37.845 [main] DEBUG com.spotpush.hashmap.HashMapExample - 41
2020-05-04 19:06:37.845 [main] DEBUG com.spotpush.hashmap.HashMapExample - 42
2020-05-04 19:06:37.845 [main] TRACE com.spotpush.hashmap.HashMapExample - Exit with({3=Elizabeth, 6=Ana, 41=Kate, 42=Stephen})
2020-05-04 19:07:40.474 [main] INFO  com.spotpush.hashmap.HashMapExample - Create HashMap {3=Elizabeth, 6=Ana, 41=Kate, 42=Stephen}
2020-05-04 19:07:43.465 [main] INFO  com.spotpush.hashmap.HashMapExample - Main Menu 2
2020-05-04 19:07:46.165 [main] INFO  com.spotpush.hashmap.HashMapExample - Traverse HashMap 1
2020-05-04 19:07:48.165 [main] INFO  com.spotpush.hashmap.HashMapExample - Keys or Values Option 1
2020-05-04 19:07:48.168 [main] TRACE com.spotpush.hashmap.HashMapExample - Enter  JustKeys() {3=Elizabeth, 6=Ana, 41=Kate, 42=Stephen}
2020-05-04 19:07:48.169 [main] TRACE com.spotpush.hashmap.HashMapExample - 3
2020-05-04 19:07:48.169 [main] TRACE com.spotpush.hashmap.HashMapExample - 6
2020-05-04 19:07:48.169 [main] TRACE com.spotpush.hashmap.HashMapExample - 41
2020-05-04 19:07:48.169 [main] TRACE com.spotpush.hashmap.HashMapExample - 42
2020-05-04 19:07:48.170 [main] TRACE com.spotpush.hashmap.HashMapExample - Exit with( JustKeys() {3=Elizabeth, 6=Ana, 41=Kate, 42=Stephen})
2020-05-04 19:09:01.213 [main] INFO  com.spotpush.hashmap.HashMapExample - ===================================
2020-05-04 19:09:01.216 [main] INFO  com.spotpush.hashmap.HashMapExample - ============ New Run ==============
2020-05-04 19:09:01.216 [main] INFO  com.spotpush.hashmap.HashMapExample - ===================================
2020-05-04 19:09:01.216 [main] INFO  com.spotpush.hashmap.HashMapExample - Create HashMap {3=Elizabeth, 6=Ana, 41=Kate, 42=Stephen}
2020-05-04 19:09:03.183 [main] INFO  com.spotpush.hashmap.HashMapExample - Main Menu 2
2020-05-04 19:09:03.782 [main] INFO  com.spotpush.hashmap.HashMapExample - Traverse HashMap 1
2020-05-04 19:09:04.282 [main] INFO  com.spotpush.hashmap.HashMapExample - Keys or Values Option 1
2020-05-04 19:09:04.285 [main] TRACE com.spotpush.hashmap.HashMapExample - Enter  JustKeys() {3=Elizabeth, 6=Ana, 41=Kate, 42=Stephen}
2020-05-04 19:09:04.286 [main] TRACE com.spotpush.hashmap.HashMapExample - 3
2020-05-04 19:09:04.286 [main] TRACE com.spotpush.hashmap.HashMapExample - 6
2020-05-04 19:09:04.286 [main] TRACE com.spotpush.hashmap.HashMapExample - 41
2020-05-04 19:09:04.287 [main] TRACE com.spotpush.hashmap.HashMapExample - 42
2020-05-04 19:09:04.287 [main] TRACE com.spotpush.hashmap.HashMapExample - Exit with( JustKeys() {3=Elizabeth, 6=Ana, 41=Kate, 42=Stephen})
2020-05-04 19:10:09.272 [main] INFO  com.spotpush.hashmap.HashMapExample - ===================================
2020-05-04 19:10:09.274 [main] INFO  com.spotpush.hashmap.HashMapExample - ============ New Run ==============
2020-05-04 19:10:09.275 [main] INFO  com.spotpush.hashmap.HashMapExample - ===================================
2020-05-04 19:10:09.275 [main] INFO  com.spotpush.hashmap.HashMapExample - Create HashMap {3=Elizabeth, 6=Ana, 41=Kate, 42=Stephen}
2020-05-04 19:10:13.710 [main] INFO  com.spotpush.hashmap.HashMapExample - Main Menu Option: 2
2020-05-04 19:10:14.709 [main] INFO  com.spotpush.hashmap.HashMapExample - Traverse HashMap Option: 1
2020-05-04 19:10:15.809 [main] INFO  com.spotpush.hashmap.HashMapExample - Keys or Values Option: 1
2020-05-04 19:10:15.812 [main] TRACE com.spotpush.hashmap.HashMapExample - Enter  JustKeys() {3=Elizabeth, 6=Ana, 41=Kate, 42=Stephen}
2020-05-04 19:10:15.813 [main] TRACE com.spotpush.hashmap.HashMapExample - 3
2020-05-04 19:10:15.813 [main] TRACE com.spotpush.hashmap.HashMapExample - 6
2020-05-04 19:10:15.813 [main] TRACE com.spotpush.hashmap.HashMapExample - 41
2020-05-04 19:10:15.814 [main] TRACE com.spotpush.hashmap.HashMapExample - 42
2020-05-04 19:10:15.814 [main] TRACE com.spotpush.hashmap.HashMapExample - Exit with( JustKeys() {3=Elizabeth, 6=Ana, 41=Kate, 42=Stephen})
2020-05-04 19:11:23.055 [main] INFO  com.spotpush.hashmap.HashMapExample - ===================================
2020-05-04 19:11:23.057 [main] INFO  com.spotpush.hashmap.HashMapExample - ============ New Run ==============
2020-05-04 19:11:23.057 [main] INFO  com.spotpush.hashmap.HashMapExample - ===================================
2020-05-04 19:11:23.058 [main] INFO  com.spotpush.hashmap.HashMapExample - Create HashMap {3=Elizabeth, 6=Ana, 41=Kate, 42=Stephen}
2020-05-04 19:11:25.230 [main] INFO  com.spotpush.hashmap.HashMapExample - Main Menu Option: 2
2020-05-04 19:11:26.430 [main] INFO  com.spotpush.hashmap.HashMapExample - Traverse HashMap Option: 1
2020-05-04 19:11:27.830 [main] INFO  com.spotpush.hashmap.HashMapExample - Keys or Values Option: 1
2020-05-04 19:11:27.833 [main] TRACE com.spotpush.hashmap.HashMapExample - Enter  JustKeys() {3=Elizabeth, 6=Ana, 41=Kate, 42=Stephen}
2020-05-04 19:11:27.833 [main] TRACE com.spotpush.hashmap.HashMapExample - select each key: 3
2020-05-04 19:11:27.834 [main] TRACE com.spotpush.hashmap.HashMapExample - select each key: 6
2020-05-04 19:11:27.834 [main] TRACE com.spotpush.hashmap.HashMapExample - select each key: 41
2020-05-04 19:11:27.834 [main] TRACE com.spotpush.hashmap.HashMapExample - select each key: 42
2020-05-04 19:11:27.834 [main] TRACE com.spotpush.hashmap.HashMapExample - Exit with( JustKeys() {3=Elizabeth, 6=Ana, 41=Kate, 42=Stephen})
2020-05-04 19:22:02.783 [main] INFO  com.spotpush.hashmap.HashMapExample - ===================================
2020-05-04 19:22:02.786 [main] INFO  com.spotpush.hashmap.HashMapExample - ============ New Run ==============
2020-05-04 19:22:02.786 [main] INFO  com.spotpush.hashmap.HashMapExample - ===================================
2020-05-04 19:22:02.786 [main] INFO  com.spotpush.hashmap.HashMapExample - Create HashMap {3=Elizabeth, 6=Ana, 41=Kate, 42=Stephen}
2020-05-04 19:22:05.482 [main] INFO  com.spotpush.hashmap.HashMapExample - Main Menu Option: 2
2020-05-04 19:22:08.281 [main] INFO  com.spotpush.hashmap.HashMapExample - Traverse HashMap Option: 4
2020-05-04 19:23:04.721 [main] INFO  com.spotpush.hashmap.HashMapExample - ===================================
2020-05-04 19:23:04.724 [main] INFO  com.spotpush.hashmap.HashMapExample - ============ New Run ==============
2020-05-04 19:23:04.724 [main] INFO  com.spotpush.hashmap.HashMapExample - ===================================
2020-05-04 19:23:04.724 [main] INFO  com.spotpush.hashmap.HashMapExample - Create HashMap {3=Elizabeth, 6=Ana, 41=Kate, 42=Stephen}
2020-05-04 19:23:11.217 [main] INFO  com.spotpush.hashmap.HashMapExample - Main Menu Option: 2
2020-05-04 19:23:16.016 [main] INFO  com.spotpush.hashmap.HashMapExample - Traverse HashMap Option: 4
